<?xml version="1.0" encoding="UTF-8"?>
<!-- Generated by org.testng.reporters.JUnitReportReporter -->
<testsuite hostname="SATISH" failures="0" tests="2" name="com.tutorialsninja.tests.LoginTutorialNinja" time="10.038" errors="0" timestamp="2024-11-14T16:21:49 IST" skipped="0">
  <testcase classname="com.tutorialsninja.tests.LoginTutorialNinja" name="verifyLoginWithValidCredentials" time="5.852"/>
  <testcase classname="com.tutorialsninja.tests.LoginTutorialNinja" name="verifyLoginWithInvalidCredentials" time="4.186"/>
</testsuite> <!-- com.tutorialsninja.tests.LoginTutorialNinja -->
